2021-07-23 03:02:17.226 [Thread-13] INFO  com.scienjus.smartqq.client.SmartQQApi - 开始获取二维码
2021-07-23 03:02:17.454 [Thread-13] INFO  com.scienjus.smartqq.client.SmartQQApi - 二维码已保存在 C:\Users\MLoong\Desktop\github\gosmarty\.idea\SmartIM\smartqq.jpg 文件中，请打开手机QQ并扫描二维码
2021-07-23 03:02:37.579 [Thread-13] INFO  com.scienjus.smartqq.client.SmartQQApi - 正在登录，请稍后
2021-07-23 03:02:37.580 [Thread-13] INFO  com.scienjus.smartqq.client.SmartQQApi - 开始获取ptwebqq
2021-07-23 03:02:37.888 [Thread-13] INFO  com.scienjus.smartqq.client.SmartQQApi - 开始获取vfwebqq
2021-07-23 03:02:37.972 [Thread-13] ERROR com.scienjus.smartqq.client.SmartQQClient - 登录失败
java.net.UnknownHostException: 请求的名称有效，但是找不到请求的类型的数据。 (s.web2.qq.com)
	at java.base/java.net.Inet6AddressImpl.lookupAllHostAddr(Native Method)
	at java.base/java.net.InetAddress$PlatformNameService.lookupAllHostAddr(InetAddress.java:929)
	at java.base/java.net.InetAddress.getAddressesFromNameService(InetAddress.java:1519)
	at java.base/java.net.InetAddress$NameServiceAddresses.get(InetAddress.java:848)
	at java.base/java.net.InetAddress.getAllByName0(InetAddress.java:1509)
	at java.base/java.net.InetAddress.getAllByName(InetAddress.java:1368)
	at java.base/java.net.InetAddress.getAllByName(InetAddress.java:1302)
	at okhttp3.Dns$1.lookup(Dns.java:39)
	at okhttp3.internal.connection.RouteSelector.resetNextInetSocketAddress(RouteSelector.java:171)
	at okhttp3.internal.connection.RouteSelector.nextProxy(RouteSelector.java:137)
	at okhttp3.internal.connection.RouteSelector.next(RouteSelector.java:82)
	at okhttp3.internal.connection.StreamAllocation.findConnection(StreamAllocation.java:171)
	at okhttp3.internal.connection.StreamAllocation.findHealthyConnection(StreamAllocation.java:121)
	at okhttp3.internal.connection.StreamAllocation.newStream(StreamAllocation.java:100)
	at okhttp3.internal.connection.ConnectInterceptor.intercept(ConnectInterceptor.java:42)
	at okhttp3.internal.http.RealInterceptorChain.proceed(RealInterceptorChain.java:92)
	at okhttp3.internal.http.RealInterceptorChain.proceed(RealInterceptorChain.java:67)
	at okhttp3.internal.cache.CacheInterceptor.intercept(CacheInterceptor.java:93)
	at okhttp3.internal.http.RealInterceptorChain.proceed(RealInterceptorChain.java:92)
	at okhttp3.internal.http.RealInterceptorChain.proceed(RealInterceptorChain.java:67)
	at okhttp3.internal.http.BridgeInterceptor.intercept(BridgeInterceptor.java:93)
	at okhttp3.internal.http.RealInterceptorChain.proceed(RealInterceptorChain.java:92)
	at okhttp3.internal.http.RetryAndFollowUpInterceptor.intercept(RetryAndFollowUpInterceptor.java:120)
	at okhttp3.internal.http.RealInterceptorChain.proceed(RealInterceptorChain.java:92)
	at okhttp3.internal.http.RealInterceptorChain.proceed(RealInterceptorChain.java:67)
	at okhttp3.RealCall.getResponseWithInterceptorChain(RealCall.java:185)
	at okhttp3.RealCall.execute(RealCall.java:69)
	at com.scienjus.smartqq.client.SmartQQApi.get(SmartQQApi.java:505)
	at com.scienjus.smartqq.client.SmartQQApi.getVfwebqq(SmartQQApi.java:211)
	at com.scienjus.smartqq.client.SmartQQApi.login(SmartQQApi.java:111)
	at com.scienjus.smartqq.client.SmartQQClient.login(SmartQQClient.java:195)
	at cn.ieclipse.smartim.actions.LoginAction$1.run(LoginAction.java:31)
